<?xml version="1.0" encoding="UTF-8"?>
<testsuite name="beomjun.preject1.Preject1ApplicationTests" tests="1" skipped="0" failures="0" errors="0" timestamp="2023-11-01T13:26:43" hostname="DESKTOP-LD7B000" time="0.583">
  <properties/>
  <testcase name="contextLoads()" classname="beomjun.preject1.Preject1ApplicationTests" time="0.583"/>
  <system-out><![CDATA[22:26:41.702 [Test worker] DEBUG org.springframework.boot.test.context.SpringBootTestContextBootstrapper -- Neither @ContextConfiguration nor @ContextHierarchy found for test class [Preject1ApplicationTests]: using SpringBootContextLoader
22:26:41.709 [Test worker] DEBUG org.springframework.test.context.support.AbstractContextLoader -- Could not detect default resource locations for test class [beomjun.preject1.Preject1ApplicationTests]: no resource found for suffixes {-context.xml, Context.groovy}.
22:26:41.710 [Test worker] INFO org.springframework.test.context.support.AnnotationConfigContextLoaderUtils -- Could not detect default configuration classes for test class [beomjun.preject1.Preject1ApplicationTests]: Preject1ApplicationTests does not declare any static, non-private, non-final, nested classes annotated with @Configuration.
22:26:41.745 [Test worker] DEBUG org.springframework.boot.test.context.SpringBootTestContextBootstrapper -- Using ContextCustomizers for test class [Preject1ApplicationTests]: [DisableObservabilityContextCustomizer, PropertyMappingContextCustomizer, WebDriverContextCustomizer, ExcludeFilterContextCustomizer, DuplicateJsonObjectContextCustomizer, MockitoContextCustomizer, TestRestTemplateContextCustomizer]
22:26:41.843 [Test worker] DEBUG org.springframework.context.annotation.ClassPathScanningCandidateComponentProvider -- Identified candidate component class: file [C:\Users\JUN\Desktop\study\preject1\preject1\build\classes\java\main\beomjun\preject1\Preject1Application.class]
22:26:41.845 [Test worker] INFO org.springframework.boot.test.context.SpringBootTestContextBootstrapper -- Found @SpringBootConfiguration beomjun.preject1.Preject1Application for test class beomjun.preject1.Preject1ApplicationTests
22:26:41.995 [Test worker] DEBUG org.springframework.test.context.util.TestContextSpringFactoriesUtils -- Skipping candidate TestExecutionListener [org.springframework.test.context.observation.MicrometerObservationRegistryTestExecutionListener] due to a missing dependency. Specify custom TestExecutionListener classes or make the default TestExecutionListener classes and their required dependencies available. Offending class: io.micrometer.context.ThreadLocalAccessor. MicrometerObservationRegistryTestExecutionListener requires io.micrometer:micrometer-observation:1.10.8 or higher and io.micrometer:context-propagation:1.0.3 or higher.
22:26:41.998 [Test worker] DEBUG org.springframework.test.context.util.TestContextSpringFactoriesUtils -- Skipping candidate TestExecutionListener [org.springframework.test.context.transaction.TransactionalTestExecutionListener] due to a missing dependency. Specify custom TestExecutionListener classes or make the default TestExecutionListener classes and their required dependencies available. Offending class: org/springframework/transaction/interceptor/TransactionAttributeSource
22:26:42.000 [Test worker] DEBUG org.springframework.test.context.util.TestContextSpringFactoriesUtils -- Skipping candidate TestExecutionListener [org.springframework.test.context.jdbc.SqlScriptsTestExecutionListener] due to a missing dependency. Specify custom TestExecutionListener classes or make the default TestExecutionListener classes and their required dependencies available. Offending class: org/springframework/transaction/interceptor/TransactionAttribute
22:26:42.003 [Test worker] DEBUG org.springframework.boot.test.context.SpringBootTestContextBootstrapper -- Using TestExecutionListeners for test class [Preject1ApplicationTests]: [ServletTestExecutionListener, DirtiesContextBeforeModesTestExecutionListener, ApplicationEventsTestExecutionListener, MockitoTestExecutionListener, DependencyInjectionTestExecutionListener, DirtiesContextTestExecutionListener, EventPublishingTestExecutionListener, RestDocsTestExecutionListener, MockRestServiceServerResetTestExecutionListener, MockMvcPrintOnlyOnFailureTestExecutionListener, WebDriverTestExecutionListener, MockWebServiceServerTestExecutionListener, ResetMocksTestExecutionListener]
22:26:42.005 [Test worker] DEBUG org.springframework.test.context.support.DirtiesContextBeforeModesTestExecutionListener -- Before test class: class [Preject1ApplicationTests], class annotated with @DirtiesContext [false] with mode [null]

  .   ____          _            __ _ _
 /\\ / ___'_ __ _ _(_)_ __  __ _ \ \ \ \
( ( )\___ | '_ | '_| | '_ \/ _` | \ \ \ \
 \\/  ___)| |_)| | | | | || (_| |  ) ) ) )
  '  |____| .__|_| |_|_| |_\__, | / / / /
 =========|_|==============|___/=/_/_/_/
 :: Spring Boot ::               (v3.0.12)

2023-11-01T22:26:42.386+09:00  INFO 34196 --- [    Test worker] b.preject1.Preject1ApplicationTests      : Starting Preject1ApplicationTests using Java 17.0.9 with PID 34196 (started by JUN in C:\Users\JUN\Desktop\study\preject1\preject1)
2023-11-01T22:26:42.389+09:00  INFO 34196 --- [    Test worker] b.preject1.Preject1ApplicationTests      : No active profile set, falling back to 1 default profile: "default"
2023-11-01T22:26:43.909+09:00  INFO 34196 --- [    Test worker] b.preject1.Preject1ApplicationTests      : Started Preject1ApplicationTests in 1.833 seconds (process running for 3.468)
]]></system-out>
  <system-err><![CDATA[]]></system-err>
</testsuite>
